<?xml version="1.0" encoding="UTF-8"?>
<!-- Generated by org.testng.reporters.JUnitReportReporter -->
<testsuite hostname="DESKTOP-EQ3I3U4" failures="0" tests="1" name="RegressionTestCases.TestCase1" time="34.914" errors="0" timestamp="2023-06-16T10:45:54 IST" skipped="0">
  <testcase classname="RegressionTestCases.TestCase1" name="TestCaseMethod1" time="34.914"/>
  <system-out/>
</testsuite> <!-- RegressionTestCases.TestCase1 -->
