<?xml version="1.0" encoding="UTF-8"?>
<!-- Generated by org.testng.reporters.JUnitReportReporter -->
<testsuite hostname="DESKTOP-EQ3I3U4" failures="0" tests="2" name="Automation.SeleniumProject.TestNGAnnotations" time="0.013" errors="0" timestamp="2023-06-14T11:31:51 IST" skipped="0">
  <testcase classname="Automation.SeleniumProject.TestNGAnnotations" name="TestCase3" time="0.007"/>
  <system-out/>
  <testcase classname="Automation.SeleniumProject.TestNGAnnotations" name="TestCase1" time="0.006"/>
  <system-out/>
</testsuite> <!-- Automation.SeleniumProject.TestNGAnnotations -->
