<?xml version="1.0" encoding="UTF-8"?>
<!-- Generated by org.testng.reporters.JUnitReportReporter -->
<testsuite hostname="DESKTOP-EQ3I3U4" failures="0" tests="1" name="RegressionTestCases.TestCase4" time="37.853" errors="0" timestamp="2023-06-14T11:54:42 IST" skipped="0">
  <testcase classname="RegressionTestCases.TestCase4" name="TestCaseMethod4" time="37.853"/>
  <system-out/>
</testsuite> <!-- RegressionTestCases.TestCase4 -->
