<?xml version="1.0" encoding="UTF-8"?>
<!-- Generated by org.testng.reporters.JUnitReportReporter -->
<testsuite hostname="DESKTOP-EQ3I3U4" failures="0" tests="1" name="RegressionTestCases.TestCase5" time="120.958" errors="0" timestamp="2023-06-14T11:54:42 IST" skipped="0">
  <testcase classname="RegressionTestCases.TestCase5" name="TestCaseMethod5" time="120.958"/>
  <system-out/>
</testsuite> <!-- RegressionTestCases.TestCase5 -->
