<?xml version="1.0" encoding="UTF-8"?>
<!-- Generated by org.testng.reporters.JUnitReportReporter -->
<testsuite hostname="DESKTOP-EQ3I3U4" failures="0" tests="3" name="Automation.SeleniumProject.GoogleLoginTest" time="6.060" errors="0" timestamp="2023-06-14T11:37:45 IST" skipped="0">
  <testcase classname="Automation.SeleniumProject.GoogleLoginTest" name="PerformanceTabTest" time="1.279"/>
  <system-out/>
  <testcase classname="Automation.SeleniumProject.GoogleLoginTest" name="RecruitmentTabTest" time="1.044"/>
  <system-out/>
  <testcase classname="Automation.SeleniumProject.GoogleLoginTest" name="LeaveTabTest" time="3.737"/>
  <system-out/>
</testsuite> <!-- Automation.SeleniumProject.GoogleLoginTest -->
