<?xml version="1.0" encoding="UTF-8"?>
<!-- Generated by org.testng.reporters.JUnitReportReporter -->
<testsuite hostname="DESKTOP-EQ3I3U4" failures="0" tests="1" name="RegressionTestCases.TestCase3" time="37.021" errors="0" timestamp="2023-06-14T11:54:42 IST" skipped="0">
  <testcase classname="RegressionTestCases.TestCase3" name="TestCaseMethod3" time="37.021"/>
  <system-out/>
</testsuite> <!-- RegressionTestCases.TestCase3 -->
