<?xml version="1.0" encoding="UTF-8"?>
<!-- Generated by org.testng.reporters.JUnitReportReporter -->
<testsuite hostname="DESKTOP-EQ3I3U4" failures="0" tests="3" name="Automation.SeleniumProject.TestNGTestClass" time="393.071" errors="0" timestamp="2023-06-14T10:47:48 IST" skipped="0">
  <testcase classname="Automation.SeleniumProject.TestNGTestClass" name="RecruitmentTabTest" time="138.089"/>
  <system-out/>
  <testcase classname="Automation.SeleniumProject.TestNGTestClass" name="PerformanceTabTest" time="91.658"/>
  <system-out/>
  <testcase classname="Automation.SeleniumProject.TestNGTestClass" name="LeaveTabTest" time="163.324"/>
  <system-out/>
</testsuite> <!-- Automation.SeleniumProject.TestNGTestClass -->
