<?xml version="1.0" encoding="UTF-8"?>
<!-- Generated by org.testng.reporters.JUnitReportReporter -->
<testsuite hostname="DESKTOP-EQ3I3U4" failures="0" tests="1" name="RegressionTestCases.TestCase2" time="41.740" errors="0" timestamp="2023-06-14T11:54:42 IST" skipped="0">
  <testcase classname="RegressionTestCases.TestCase2" name="TestCaseMethod2" time="41.740"/>
  <system-out/>
</testsuite> <!-- RegressionTestCases.TestCase2 -->
